<?xml version="1.0" encoding="UTF-8"?>
<coverage generated="1616489110471" clover="3.2.0">
  <project timestamp="1616489110471" name="All files">
    <metrics statements="21" coveredstatements="21" conditionals="18" coveredconditionals="11" methods="5" coveredmethods="5" elements="44" coveredelements="37" complexity="0" loc="21" ncloc="21" packages="2" files="2" classes="2"/>
    <package name="firstUniTestRn">
      <metrics statements="13" coveredstatements="13" conditionals="14" coveredconditionals="8" methods="3" coveredmethods="3"/>
      <file name="App.js" path="/Users/revanth/Dropbox/My Mac (revanths-MacBook-Pro.local)/Desktop/CODEBASE_REACT_COURSE/react-native-unit-testing/firstUniTestRn/App.js">
        <metrics statements="13" coveredstatements="13" conditionals="14" coveredconditionals="8" methods="3" coveredmethods="3"/>
        <line num="1" count="1" type="stmt"/>
        <line num="9" count="1" type="stmt"/>
        <line num="11" count="1" type="stmt"/>
        <line num="21" count="1" type="cond" truecount="3" falsecount="1"/>
        <line num="29" count="4" type="stmt"/>
        <line num="30" count="4" type="stmt"/>
        <line num="31" count="4" type="stmt"/>
        <line num="55" count="1" type="stmt"/>
        <line num="56" count="1" type="stmt"/>
        <line num="58" count="1" type="stmt"/>
        <line num="62" count="1" type="stmt"/>
        <line num="93" count="1" type="stmt"/>
        <line num="112" count="1" type="stmt"/>
      </file>
    </package>
    <package name="firstUniTestRn.src">
      <metrics statements="8" coveredstatements="8" conditionals="4" coveredconditionals="3" methods="2" coveredmethods="2"/>
      <file name="Button.js" path="/Users/revanth/Dropbox/My Mac (revanths-MacBook-Pro.local)/Desktop/CODEBASE_REACT_COURSE/react-native-unit-testing/firstUniTestRn/src/Button.js">
        <metrics statements="8" coveredstatements="8" conditionals="4" coveredconditionals="3" methods="2" coveredmethods="2"/>
        <line num="1" count="1" type="stmt"/>
        <line num="2" count="1" type="cond" truecount="3" falsecount="1"/>
        <line num="4" count="1" type="stmt"/>
        <line num="5" count="1" type="stmt"/>
        <line num="6" count="1" type="stmt"/>
        <line num="7" count="1" type="stmt"/>
        <line num="14" count="1" type="stmt"/>
        <line num="34" count="1" type="stmt"/>
      </file>
    </package>
  </project>
</coverage>
