{"/Users/revanth/Dropbox/My Mac (revanths-MacBook-Pro.local)/Desktop/CODEBASE_REACT_COURSE/react-native-unit-testing/firstUniTestRn/App.js": {"path":"/Users/revanth/Dropbox/My Mac (revanths-MacBook-Pro.local)/Desktop/CODEBASE_REACT_COURSE/react-native-unit-testing/firstUniTestRn/App.js","statementMap":{"0":{"start":{"line":1,"column":13},"end":{"line":1,"column":75}},"1":{"start":{"line":1,"column":75},"end":{"line":1,"column":100}},"2":{"start":{"line":9,"column":13},"end":{"line":9,"column":53}},"3":{"start":{"line":11,"column":19},"end":{"line":11,"column":42}},"4":{"start":{"line":21,"column":20},"end":{"line":21,"column":66}},"5":{"start":{"line":21,"column":79},"end":{"line":21,"column":83}},"6":{"start":{"line":21,"column":99},"end":{"line":21,"column":237}},"7":{"start":{"line":21,"column":276},"end":{"line":21,"column":330}},"8":{"start":{"line":29,"column":14},"end":{"line":53,"column":1}},"9":{"start":{"line":29,"column":53},"end":{"line":29,"column":66}},"10":{"start":{"line":29,"column":75},"end":{"line":29,"column":85}},"11":{"start":{"line":30,"column":19},"end":{"line":30,"column":64}},"12":{"start":{"line":31,"column":2},"end":{"line":49,"column":16}},"13":{"start":{"line":55,"column":10},"end":{"line":91,"column":1}},"14":{"start":{"line":56,"column":19},"end":{"line":56,"column":64}},"15":{"start":{"line":58,"column":24},"end":{"line":59,"column":94}},"16":{"start":{"line":62,"column":2},"end":{"line":86,"column":158}},"17":{"start":{"line":93,"column":13},"end":{"line":108,"column":26}},"18":{"start":{"line":112,"column":0},"end":{"line":112,"column":3}},"19":{"start":{"line":112,"column":4},"end":{"line":112,"column":31}}},"fnMap":{"0":{"name":"_interopRequireDefault","decl":{"start":{"line":21,"column":247},"end":{"line":21,"column":269}},"loc":{"start":{"line":21,"column":275},"end":{"line":21,"column":331}},"line":21},"1":{"name":"Section","decl":{"start":{"line":29,"column":23},"end":{"line":29,"column":30}},"loc":{"start":{"line":29,"column":37},"end":{"line":53,"column":1}},"line":29},"2":{"name":"App","decl":{"start":{"line":55,"column":19},"end":{"line":55,"column":22}},"loc":{"start":{"line":55,"column":25},"end":{"line":91,"column":1}},"line":55}},"branchMap":{"0":{"loc":{"start":{"line":21,"column":283},"end":{"line":21,"column":329}},"type":"cond-expr","locations":[{"start":{"line":21,"column":307},"end":{"line":21,"column":310}},{"start":{"line":21,"column":313},"end":{"line":21,"column":329}}],"line":21},"1":{"loc":{"start":{"line":21,"column":283},"end":{"line":21,"column":304}},"type":"binary-expr","locations":[{"start":{"line":21,"column":283},"end":{"line":21,"column":286}},{"start":{"line":21,"column":290},"end":{"line":21,"column":304}}],"line":21},"2":{"loc":{"start":{"line":37,"column":15},"end":{"line":37,"column":83}},"type":"cond-expr","locations":[{"start":{"line":37,"column":28},"end":{"line":37,"column":54}},{"start":{"line":37,"column":57},"end":{"line":37,"column":83}}],"line":37},"3":{"loc":{"start":{"line":46,"column":15},"end":{"line":46,"column":82}},"type":"cond-expr","locations":[{"start":{"line":46,"column":28},"end":{"line":46,"column":54}},{"start":{"line":46,"column":57},"end":{"line":46,"column":82}}],"line":46},"4":{"loc":{"start":{"line":59,"column":21},"end":{"line":59,"column":92}},"type":"cond-expr","locations":[{"start":{"line":59,"column":34},"end":{"line":59,"column":61}},{"start":{"line":59,"column":64},"end":{"line":59,"column":92}}],"line":59},"5":{"loc":{"start":{"line":64,"column":69},"end":{"line":64,"column":114}},"type":"cond-expr","locations":[{"start":{"line":64,"column":82},"end":{"line":64,"column":97}},{"start":{"line":64,"column":100},"end":{"line":64,"column":114}}],"line":64},"6":{"loc":{"start":{"line":71,"column":25},"end":{"line":71,"column":93}},"type":"cond-expr","locations":[{"start":{"line":71,"column":38},"end":{"line":71,"column":64}},{"start":{"line":71,"column":67},"end":{"line":71,"column":93}}],"line":71}},"s":{"0":1,"1":1,"2":1,"3":1,"4":1,"5":1,"6":1,"7":1,"8":1,"9":4,"10":4,"11":4,"12":4,"13":1,"14":1,"15":1,"16":1,"17":1,"18":1,"19":1},"f":{"0":1,"1":4,"2":1},"b":{"0":[0,1],"1":[1,1],"2":[0,4],"3":[0,4],"4":[0,1],"5":[0,1],"6":[0,1]},"inputSourceMap":null,"_coverageSchema":"1a1c01bbd47fc00a2c39e90264f33305004495a9","hash":"74ab22afa9aafed7e262728d280dfb0ecd608263"}
,"/Users/revanth/Dropbox/My Mac (revanths-MacBook-Pro.local)/Desktop/CODEBASE_REACT_COURSE/react-native-unit-testing/firstUniTestRn/src/Button.js": {"path":"/Users/revanth/Dropbox/My Mac (revanths-MacBook-Pro.local)/Desktop/CODEBASE_REACT_COURSE/react-native-unit-testing/firstUniTestRn/src/Button.js","statementMap":{"0":{"start":{"line":1,"column":13},"end":{"line":1,"column":75}},"1":{"start":{"line":1,"column":75},"end":{"line":1,"column":100}},"2":{"start":{"line":1,"column":113},"end":{"line":1,"column":153}},"3":{"start":{"line":2,"column":19},"end":{"line":2,"column":42}},"4":{"start":{"line":2,"column":55},"end":{"line":2,"column":59}},"5":{"start":{"line":2,"column":75},"end":{"line":2,"column":220}},"6":{"start":{"line":2,"column":259},"end":{"line":2,"column":313}},"7":{"start":{"line":4,"column":13},"end":{"line":12,"column":1}},"8":{"start":{"line":5,"column":16},"end":{"line":5,"column":34}},"9":{"start":{"line":5,"column":47},"end":{"line":5,"column":63}},"10":{"start":{"line":6,"column":12},"end":{"line":6,"column":25}},"11":{"start":{"line":6,"column":34},"end":{"line":6,"column":45}},"12":{"start":{"line":7,"column":2},"end":{"line":9,"column":155}},"13":{"start":{"line":14,"column":13},"end":{"line":30,"column":23}},"14":{"start":{"line":34,"column":0},"end":{"line":34,"column":6}},"15":{"start":{"line":34,"column":7},"end":{"line":34,"column":34}}},"fnMap":{"0":{"name":"_interopRequireDefault","decl":{"start":{"line":2,"column":230},"end":{"line":2,"column":252}},"loc":{"start":{"line":2,"column":258},"end":{"line":2,"column":314}},"line":2},"1":{"name":"Button","decl":{"start":{"line":4,"column":22},"end":{"line":4,"column":28}},"loc":{"start":{"line":4,"column":36},"end":{"line":12,"column":1}},"line":4}},"branchMap":{"0":{"loc":{"start":{"line":2,"column":266},"end":{"line":2,"column":312}},"type":"cond-expr","locations":[{"start":{"line":2,"column":290},"end":{"line":2,"column":293}},{"start":{"line":2,"column":296},"end":{"line":2,"column":312}}],"line":2},"1":{"loc":{"start":{"line":2,"column":266},"end":{"line":2,"column":287}},"type":"binary-expr","locations":[{"start":{"line":2,"column":266},"end":{"line":2,"column":269}},{"start":{"line":2,"column":273},"end":{"line":2,"column":287}}],"line":2}},"s":{"0":1,"1":1,"2":1,"3":1,"4":1,"5":1,"6":1,"7":1,"8":1,"9":1,"10":1,"11":1,"12":1,"13":1,"14":1,"15":1},"f":{"0":1,"1":1},"b":{"0":[0,1],"1":[1,1]},"inputSourceMap":null,"_coverageSchema":"1a1c01bbd47fc00a2c39e90264f33305004495a9","hash":"46bc8319f1eae31b4c3cc1aa9454cd6d685fbdc9"}
}
