TN:
SF:App.js
FN:21,_interopRequireDefault
FN:29,Section
FN:55,App
FNF:3
FNH:3
FNDA:1,_interopRequireDefault
FNDA:4,Section
FNDA:1,App
DA:1,1
DA:9,1
DA:11,1
DA:21,1
DA:29,4
DA:30,4
DA:31,4
DA:55,1
DA:56,1
DA:58,1
DA:62,1
DA:93,1
DA:112,1
LF:13
LH:13
BRDA:21,0,0,0
BRDA:21,0,1,1
BRDA:21,1,0,1
BRDA:21,1,1,1
BRDA:37,2,0,0
BRDA:37,2,1,4
BRDA:46,3,0,0
BRDA:46,3,1,4
BRDA:59,4,0,0
BRDA:59,4,1,1
BRDA:64,5,0,0
BRDA:64,5,1,1
BRDA:71,6,0,0
BRDA:71,6,1,1
BRF:14
BRH:8
end_of_record
TN:
SF:src/Button.js
FN:2,_interopRequireDefault
FN:4,Button
FNF:2
FNH:2
FNDA:1,_interopRequireDefault
FNDA:1,Button
DA:1,1
DA:2,1
DA:4,1
DA:5,1
DA:6,1
DA:7,1
DA:14,1
DA:34,1
LF:8
LH:8
BRDA:2,0,0,0
BRDA:2,0,1,1
BRDA:2,1,0,1
BRDA:2,1,1,1
BRF:4
BRH:3
end_of_record
